
SCADE project: C:\Repositorio_ITA\SCADE\ExLab1\landing_gear\landing_gear.etp
SCADE Display specification: LG.sgfx

Project Properties:
- @SDY:DEFAULTCOLORTABLE: color_table.sct
- @SDY:DEFAULTLSTABLE: line_stipple_table.sst
- @SDY:DEFAULTLWTABLE: line_width_table.swt
- @SDY:FONTTABLE: font_table.sft
- @UAPC:CHARSETENCODING: UTF-8
- @UAPC:CONFFILE: a661.xml
- @UAPC:DFPICTURETABLE: 
- @UAPC:DFSYMBOLTABLE: 
- @UAPC:STYLESETCAPACITIES: look_capacities.slc
- @UAPC:STYLESETDEFINITION: look_definition.sld

Reporter Properties:
- @SDYREP:AUTHORS: <authors>
- @SDYREP:CLASSIFICATION: <document classification>
- @SDYREP:COMPANYINFO: <company>
- @SDYREP:CONFSOURCE: C:\Repositorio_ITA\SCADE\ExLab1\landing_gear\LG.sgfx
- @SDYREP:DATE: 25/09/2019
- @SDYREP:DESCRIPTION: DF/CDS de controle de trem de pouso
- @SDYREP:DISTLIST: <distribution list>
- @SDYREP:FOOTERCENTER: <Corporate Info>
- @SDYREP:FOOTERLEFT: 
- @SDYREP:FOOTERRIGHT: 
- @SDYREP:FORMAT: HTML
- @SDYREP:HEADERCENTER: $(IssueNr)
- @SDYREP:HEADERLEFT: $(ReferenceNr)
$(CreatedDate)
- @SDYREP:HEADERRIGHT: $(PageNumbering)
- @SDYREP:IMAGEPATH: 
- @SDYREP:INDEX: <index>
- @SDYREP:ISSUE: <issue number>
- @SDYREP:LOGOPATH: C:\Repositorio_ITA\SCADE\ExLab1\landing_gear
- @SDYREP:OUTPUT: %ModelName%_Report
- @SDYREP:REFERENCE: Warm up Arinc 661, Scade for Dummies
- @SDYREP:REFERENCENB: <reference number>
- @SDYREP:RESOURCES: $(CONFIG)/default
- @SDYREP:SCREENSHOTS: true
- @SDYREP:SUBTITLE: Front End - Definition File
- @SDYREP:SUMMARY: <summary>
- @SDYREP:SYMBOLS: false
- @SDYREP:TITLE: Controle de trem de pouso
- @SDYREP:WIDGETSETS: false
