
C:\Repositorio_ITA\SCADE\ExLab1\landing_gear\LandingGear\Simulation>gcc -print-search-dirs 
install: C:/Program Files/ANSYS Inc/v194/SCADE/contrib/Msys64/mingw64/bin/../lib/gcc/x86_64-w64-mingw32/5.1.0/
programs: =C:/Program Files/ANSYS Inc/v194/SCADE/contrib/Msys64/mingw64/bin/../libexec/gcc/x86_64-w64-mingw32/5.1.0/;C:/Program Files/ANSYS Inc/v194/SCADE/contrib/Msys64/mingw64/bin/../libexec/gcc/;C:/Program Files/ANSYS Inc/v194/SCADE/contrib/Msys64/mingw64/bin/../lib/gcc/x86_64-w64-mingw32/5.1.0/../../../../x86_64-w64-mingw32/bin/x86_64-w64-mingw32/5.1.0/;C:/Program Files/ANSYS Inc/v194/SCADE/contrib/Msys64/mingw64/bin/../lib/gcc/x86_64-w64-mingw32/5.1.0/../../../../x86_64-w64-mingw32/bin/
libraries: =C:/Program Files/ANSYS Inc/v194/SCADE/contrib/Msys64/mingw64/bin/../lib/gcc/x86_64-w64-mingw32/5.1.0/;C:/Program Files/ANSYS Inc/v194/SCADE/contrib/Msys64/mingw64/bin/../lib/gcc/;C:/Program Files/ANSYS Inc/v194/SCADE/contrib/Msys64/mingw64/bin/../lib/gcc/x86_64-w64-mingw32/5.1.0/../../../../x86_64-w64-mingw32/lib/x86_64-w64-mingw32/5.1.0/;C:/Program Files/ANSYS Inc/v194/SCADE/contrib/Msys64/mingw64/bin/../lib/gcc/x86_64-w64-mingw32/5.1.0/../../../../x86_64-w64-mingw32/lib/../lib/;C:/Program Files/ANSYS Inc/v194/SCADE/contrib/Msys64/mingw64/bin/../lib/gcc/x86_64-w64-mingw32/5.1.0/../../../x86_64-w64-mingw32/5.1.0/;C:/Program Files/ANSYS Inc/v194/SCADE/contrib/Msys64/mingw64/bin/../lib/gcc/x86_64-w64-mingw32/5.1.0/../../../../lib/;C:/mingw510/x86_64-510-win32-sjlj-rt_v4-rev0/mingw64/mingw/lib/x86_64-w64-mingw32/5.1.0/;C:/mingw510/x86_64-510-win32-sjlj-rt_v4-rev0/mingw64/mingw/lib/../lib/;C:/Program Files/ANSYS Inc/v194/SCADE/contrib/Msys64/mingw64/bin/../lib/gcc/x86_64-w64-mingw32/5.1.0/../../../../x86_64-w64-mingw32/lib/;C:/Program Files/ANSYS Inc/v194/SCADE/contrib/Msys64/mingw64/bin/../lib/gcc/x86_64-w64-mingw32/5.1.0/../../../;C:/mingw510/x86_64-510-win32-sjlj-rt_v4-rev0/mingw64/mingw/lib/
gcc -I"." -I"C:\Program Files\ANSYS Inc\v194\SCADE\SCADE\." -I"C:\Program Files\ANSYS Inc\v194\SCADE\SCADE\.\include" -I"C:\Program Files\ANSYS Inc\v194\SCADE\SCADE\.\include\C" -I"C:\Program Files\ANSYS Inc\v194\SCADE\SCADE\.\include\Ada" -I"C:\Program Files\ANSYS Inc\v194\SCADE\SCADE\.\lib\Ada" -I"C:\Program Files\ANSYS Inc\v194\SCADE\SCADE\.\libraries\SC65\libmathext" -pedantic -DBUILD_DLL -DEXTENDED_SIM -DSIM -DWIN32 -D_CONSOLE -D_MBCS -c -ansi -std=c99 -m64 "LandingGear_dll.c" -o "win64\LandingGear_dll.o"
gcc -I"." -I"C:\Program Files\ANSYS Inc\v194\SCADE\SCADE\." -I"C:\Program Files\ANSYS Inc\v194\SCADE\SCADE\.\include" -I"C:\Program Files\ANSYS Inc\v194\SCADE\SCADE\.\include\C" -I"C:\Program Files\ANSYS Inc\v194\SCADE\SCADE\.\include\Ada" -I"C:\Program Files\ANSYS Inc\v194\SCADE\SCADE\.\lib\Ada" -I"C:\Program Files\ANSYS Inc\v194\SCADE\SCADE\.\libraries\SC65\libmathext" -pedantic -DBUILD_DLL -DEXTENDED_SIM -DSIM -DWIN32 -D_CONSOLE -D_MBCS -c -ansi -std=c99 -m64 "C:\Program Files\ANSYS Inc\v194\SCADE\SCADE\lib\C\SmuMainWindows.c" -o "win64\SmuMainWindows.o"
gcc -I"." -I"C:\Program Files\ANSYS Inc\v194\SCADE\SCADE\." -I"C:\Program Files\ANSYS Inc\v194\SCADE\SCADE\.\include" -I"C:\Program Files\ANSYS Inc\v194\SCADE\SCADE\.\include\C" -I"C:\Program Files\ANSYS Inc\v194\SCADE\SCADE\.\include\Ada" -I"C:\Program Files\ANSYS Inc\v194\SCADE\SCADE\.\lib\Ada" -I"C:\Program Files\ANSYS Inc\v194\SCADE\SCADE\.\libraries\SC65\libmathext" -pedantic -DBUILD_DLL -DEXTENDED_SIM -DSIM -DWIN32 -D_CONSOLE -D_MBCS -c -ansi -std=c99 -m64 "C:\Program Files\ANSYS Inc\v194\SCADE\SCADE\.\lib\A661Cosim.c" -o "win64\A661Cosim.o"
gcc -I"." -I"C:\Program Files\ANSYS Inc\v194\SCADE\SCADE\." -I"C:\Program Files\ANSYS Inc\v194\SCADE\SCADE\.\include" -I"C:\Program Files\ANSYS Inc\v194\SCADE\SCADE\.\include\C" -I"C:\Program Files\ANSYS Inc\v194\SCADE\SCADE\.\include\Ada" -I"C:\Program Files\ANSYS Inc\v194\SCADE\SCADE\.\lib\Ada" -I"C:\Program Files\ANSYS Inc\v194\SCADE\SCADE\.\libraries\SC65\libmathext" -pedantic -DBUILD_DLL -DEXTENDED_SIM -DSIM -DWIN32 -D_CONSOLE -D_MBCS -c -ansi -std=c99 -m64 "LandingGear_cosim.c" -o "win64\LandingGear_cosim.o"
gcc -I"." -I"C:\Program Files\ANSYS Inc\v194\SCADE\SCADE\." -I"C:\Program Files\ANSYS Inc\v194\SCADE\SCADE\.\include" -I"C:\Program Files\ANSYS Inc\v194\SCADE\SCADE\.\include\C" -I"C:\Program Files\ANSYS Inc\v194\SCADE\SCADE\.\include\Ada" -I"C:\Program Files\ANSYS Inc\v194\SCADE\SCADE\.\lib\Ada" -I"C:\Program Files\ANSYS Inc\v194\SCADE\SCADE\.\libraries\SC65\libmathext" -pedantic -DBUILD_DLL -DEXTENDED_SIM -DSIM -DWIN32 -D_CONSOLE -D_MBCS -c -ansi -std=c99 -m64 "LandingGear_UA_1.c" -o "win64\LandingGear_UA_1.o"
gcc -I"." -I"C:\Program Files\ANSYS Inc\v194\SCADE\SCADE\." -I"C:\Program Files\ANSYS Inc\v194\SCADE\SCADE\.\include" -I"C:\Program Files\ANSYS Inc\v194\SCADE\SCADE\.\include\C" -I"C:\Program Files\ANSYS Inc\v194\SCADE\SCADE\.\include\Ada" -I"C:\Program Files\ANSYS Inc\v194\SCADE\SCADE\.\lib\Ada" -I"C:\Program Files\ANSYS Inc\v194\SCADE\SCADE\.\libraries\SC65\libmathext" -pedantic -DBUILD_DLL -DEXTENDED_SIM -DSIM -DWIN32 -D_CONSOLE -D_MBCS -c -ansi -std=c99 -m64 "LandingGear_UA_1_private.c" -o "win64\LandingGear_UA_1_private.o"
gcc -I"." -I"C:\Program Files\ANSYS Inc\v194\SCADE\SCADE\." -I"C:\Program Files\ANSYS Inc\v194\SCADE\SCADE\.\include" -I"C:\Program Files\ANSYS Inc\v194\SCADE\SCADE\.\include\C" -I"C:\Program Files\ANSYS Inc\v194\SCADE\SCADE\.\include\Ada" -I"C:\Program Files\ANSYS Inc\v194\SCADE\SCADE\.\lib\Ada" -I"C:\Program Files\ANSYS Inc\v194\SCADE\SCADE\.\libraries\SC65\libmathext" -pedantic -DBUILD_DLL -DEXTENDED_SIM -DSIM -DWIN32 -D_CONSOLE -D_MBCS -c -ansi -std=c99 -m64 "LandingGear_UA_1_LAY_1.c" -o "win64\LandingGear_UA_1_LAY_1.o"
LandingGear_UA_1_private.c: In function 'align32':
LandingGear_UA_1_private.c:75:32: warning: cast from pointer to integer of different size [-Wpointer-to-int-cast]
   uaa_size delta = (uaa_size)(((unsigned)msg) % 4);
                                ^
LandingGear_UA_1_private.c: In function 'align16':
LandingGear_UA_1_private.c:94:32: warning: cast from pointer to integer of different size [-Wpointer-to-int-cast]
   uaa_size delta = (uaa_size)(((unsigned)msg) % 2);
                                ^
gcc -I"." -I"C:\Program Files\ANSYS Inc\v194\SCADE\SCADE\." -I"C:\Program Files\ANSYS Inc\v194\SCADE\SCADE\.\include" -I"C:\Program Files\ANSYS Inc\v194\SCADE\SCADE\.\include\C" -I"C:\Program Files\ANSYS Inc\v194\SCADE\SCADE\.\include\Ada" -I"C:\Program Files\ANSYS Inc\v194\SCADE\SCADE\.\lib\Ada" -I"C:\Program Files\ANSYS Inc\v194\SCADE\SCADE\.\libraries\SC65\libmathext" -pedantic -DBUILD_DLL -DEXTENDED_SIM -DSIM -DWIN32 -D_CONSOLE -D_MBCS -c -ansi -std=c99 -m64 "LandingGear.c" -o "win64\LandingGear.o"
LandingGear_UA_1_LAY_1.c: In function 'a661_com_layer_1':
LandingGear_UA_1_LAY_1.c:67:12: warning: pointer targets in passing argument 7 of 'a661_com_csp_widget_Label' differ in signedness [-Wpointer-sign]
         5, scade_ctx->NoseTextString, scade_ctx->StringSize);
            ^
In file included from LandingGear_UA_1_LAY_1.c:14:0:
LandingGear_UA_1_private.h:105:10: note: expected 'unsigned char *' but argument is of type 'kcg_char * {aka char *}'
 uaa_size a661_com_csp_widget_Label(buffer_el msg[], uaa_uint16 wid, uaa_bool A661_COLOR_INDEX__emit__, kcg_uint8 A661_COLOR_INDEX_ColorIndex_, uaa_bool A661_STRING__emit__, unsigned innerdim_A661_STRING_LabelString_, unsigned char * A661_STRING_LabelString_, kcg_uint16 A661_STRING_String_size_);
          ^
LandingGear_UA_1_LAY_1.c:73:12: warning: pointer targets in passing argument 7 of 'a661_com_csp_widget_Label' differ in signedness [-Wpointer-sign]
         5, scade_ctx->LeftTextString, scade_ctx->StringSize);
            ^
In file included from LandingGear_UA_1_LAY_1.c:14:0:
LandingGear_UA_1_private.h:105:10: note: expected 'unsigned char *' but argument is of type 'kcg_char * {aka char *}'
 uaa_size a661_com_csp_widget_Label(buffer_el msg[], uaa_uint16 wid, uaa_bool A661_COLOR_INDEX__emit__, kcg_uint8 A661_COLOR_INDEX_ColorIndex_, uaa_bool A661_STRING__emit__, unsigned innerdim_A661_STRING_LabelString_, unsigned char * A661_STRING_LabelString_, kcg_uint16 A661_STRING_String_size_);
          ^
LandingGear_UA_1_LAY_1.c:79:33: warning: pointer targets in passing argument 7 of 'a661_com_csp_widget_Label' differ in signedness [-Wpointer-sign]
         scade_ctx->Emit2CDS, 5, scade_ctx->RightTextString,
                                 ^
In file included from LandingGear_UA_1_LAY_1.c:14:0:
LandingGear_UA_1_private.h:105:10: note: expected 'unsigned char *' but argument is of type 'kcg_char * {aka char *}'
 uaa_size a661_com_csp_widget_Label(buffer_el msg[], uaa_uint16 wid, uaa_bool A661_COLOR_INDEX__emit__, kcg_uint8 A661_COLOR_INDEX_ColorIndex_, uaa_bool A661_STRING__emit__, unsigned innerdim_A661_STRING_LabelString_, unsigned char * A661_STRING_LabelString_, kcg_uint16 A661_STRING_String_size_);
          ^
LandingGear_UA_1_LAY_1.c:85:33: warning: pointer targets in passing argument 5 of 'a661_com_csp_widget_PushButton' differ in signedness [-Wpointer-sign]
         scade_ctx->Emit2CDS, 5, scade_ctx->LG_UpBtnTextString,
                                 ^
In file included from LandingGear_UA_1_LAY_1.c:14:0:
LandingGear_UA_1_private.h:104:10: note: expected 'unsigned char *' but argument is of type 'kcg_char * {aka char *}'
 uaa_size a661_com_csp_widget_PushButton(buffer_el msg[], uaa_uint16 wid, uaa_bool A661_STRING__emit__, unsigned innerdim_A661_STRING_LabelString_, unsigned char * A661_STRING_LabelString_, kcg_uint16 A661_STRING_String_size_);
          ^
LandingGear_UA_1_LAY_1.c:91:33: warning: pointer targets in passing argument 5 of 'a661_com_csp_widget_PushButton' differ in signedness [-Wpointer-sign]
         scade_ctx->Emit2CDS, 5, scade_ctx->LG_FailBtnTextString,
                                 ^
In file included from LandingGear_UA_1_LAY_1.c:14:0:
LandingGear_UA_1_private.h:104:10: note: expected 'unsigned char *' but argument is of type 'kcg_char * {aka char *}'
 uaa_size a661_com_csp_widget_PushButton(buffer_el msg[], uaa_uint16 wid, uaa_bool A661_STRING__emit__, unsigned innerdim_A661_STRING_LabelString_, unsigned char * A661_STRING_LabelString_, kcg_uint16 A661_STRING_String_size_);
          ^
gcc -I"." -I"C:\Program Files\ANSYS Inc\v194\SCADE\SCADE\." -I"C:\Program Files\ANSYS Inc\v194\SCADE\SCADE\.\include" -I"C:\Program Files\ANSYS Inc\v194\SCADE\SCADE\.\include\C" -I"C:\Program Files\ANSYS Inc\v194\SCADE\SCADE\.\include\Ada" -I"C:\Program Files\ANSYS Inc\v194\SCADE\SCADE\.\lib\Ada" -I"C:\Program Files\ANSYS Inc\v194\SCADE\SCADE\.\libraries\SC65\libmathext" -pedantic -DBUILD_DLL -DEXTENDED_SIM -DSIM -DWIN32 -D_CONSOLE -D_MBCS -c -ansi -std=c99 -m64 "kcg_types.c" -o "win64\kcg_types.o"
gcc -I"." -I"C:\Program Files\ANSYS Inc\v194\SCADE\SCADE\." -I"C:\Program Files\ANSYS Inc\v194\SCADE\SCADE\.\include" -I"C:\Program Files\ANSYS Inc\v194\SCADE\SCADE\.\include\C" -I"C:\Program Files\ANSYS Inc\v194\SCADE\SCADE\.\include\Ada" -I"C:\Program Files\ANSYS Inc\v194\SCADE\SCADE\.\lib\Ada" -I"C:\Program Files\ANSYS Inc\v194\SCADE\SCADE\.\libraries\SC65\libmathext" -pedantic -DBUILD_DLL -DEXTENDED_SIM -DSIM -DWIN32 -D_CONSOLE -D_MBCS -c -ansi -std=c99 -m64 "kcg_consts.c" -o "win64\kcg_consts.o"
gcc -I"." -I"C:\Program Files\ANSYS Inc\v194\SCADE\SCADE\." -I"C:\Program Files\ANSYS Inc\v194\SCADE\SCADE\.\include" -I"C:\Program Files\ANSYS Inc\v194\SCADE\SCADE\.\include\C" -I"C:\Program Files\ANSYS Inc\v194\SCADE\SCADE\.\include\Ada" -I"C:\Program Files\ANSYS Inc\v194\SCADE\SCADE\.\lib\Ada" -I"C:\Program Files\ANSYS Inc\v194\SCADE\SCADE\.\libraries\SC65\libmathext" -pedantic -DBUILD_DLL -DEXTENDED_SIM -DSIM -DWIN32 -D_CONSOLE -D_MBCS -c -ansi -std=c99 -m64 "LandingGear_type.c" -o "win64\LandingGear_type.o"
gcc -I"." -I"C:\Program Files\ANSYS Inc\v194\SCADE\SCADE\." -I"C:\Program Files\ANSYS Inc\v194\SCADE\SCADE\.\include" -I"C:\Program Files\ANSYS Inc\v194\SCADE\SCADE\.\include\C" -I"C:\Program Files\ANSYS Inc\v194\SCADE\SCADE\.\include\Ada" -I"C:\Program Files\ANSYS Inc\v194\SCADE\SCADE\.\lib\Ada" -I"C:\Program Files\ANSYS Inc\v194\SCADE\SCADE\.\libraries\SC65\libmathext" -pedantic -DBUILD_DLL -DEXTENDED_SIM -DSIM -DWIN32 -D_CONSOLE -D_MBCS -c -ansi -std=c99 -m64 "C:\Program Files\ANSYS Inc\v194\SCADE\SCADE\.\lib\C\SmuPredefConv.c" -o "win64\SmuPredefConv.o"
gcc -I"." -I"C:\Program Files\ANSYS Inc\v194\SCADE\SCADE\." -I"C:\Program Files\ANSYS Inc\v194\SCADE\SCADE\.\include" -I"C:\Program Files\ANSYS Inc\v194\SCADE\SCADE\.\include\C" -I"C:\Program Files\ANSYS Inc\v194\SCADE\SCADE\.\include\Ada" -I"C:\Program Files\ANSYS Inc\v194\SCADE\SCADE\.\lib\Ada" -I"C:\Program Files\ANSYS Inc\v194\SCADE\SCADE\.\libraries\SC65\libmathext" -pedantic -DBUILD_DLL -DEXTENDED_SIM -DSIM -DWIN32 -D_CONSOLE -D_MBCS -c -ansi -std=c99 -m64 "C:\Program Files\ANSYS Inc\v194\SCADE\SCADE\.\lib\C\SmuConfig.c" -o "win64\SmuConfig.o"
gcc -I"." -I"C:\Program Files\ANSYS Inc\v194\SCADE\SCADE\." -I"C:\Program Files\ANSYS Inc\v194\SCADE\SCADE\.\include" -I"C:\Program Files\ANSYS Inc\v194\SCADE\SCADE\.\include\C" -I"C:\Program Files\ANSYS Inc\v194\SCADE\SCADE\.\include\Ada" -I"C:\Program Files\ANSYS Inc\v194\SCADE\SCADE\.\lib\Ada" -I"C:\Program Files\ANSYS Inc\v194\SCADE\SCADE\.\libraries\SC65\libmathext" -pedantic -DBUILD_DLL -DEXTENDED_SIM -DSIM -DWIN32 -D_CONSOLE -D_MBCS -c -ansi -std=c99 -m64 "C:\Program Files\ANSYS Inc\v194\SCADE\SCADE\.\lib\C\SmuTypes.c" -o "win64\SmuTypes.o"
gcc -I"." -I"C:\Program Files\ANSYS Inc\v194\SCADE\SCADE\." -I"C:\Program Files\ANSYS Inc\v194\SCADE\SCADE\.\include" -I"C:\Program Files\ANSYS Inc\v194\SCADE\SCADE\.\include\C" -I"C:\Program Files\ANSYS Inc\v194\SCADE\SCADE\.\include\Ada" -I"C:\Program Files\ANSYS Inc\v194\SCADE\SCADE\.\lib\Ada" -I"C:\Program Files\ANSYS Inc\v194\SCADE\SCADE\.\libraries\SC65\libmathext" -pedantic -DBUILD_DLL -DEXTENDED_SIM -DSIM -DWIN32 -D_CONSOLE -D_MBCS -c -ansi -std=c99 -m64 "C:\Program Files\ANSYS Inc\v194\SCADE\SCADE\.\lib\C\SmuLib.c" -o "win64\SmuLib.o"
gcc -I"." -I"C:\Program Files\ANSYS Inc\v194\SCADE\SCADE\." -I"C:\Program Files\ANSYS Inc\v194\SCADE\SCADE\.\include" -I"C:\Program Files\ANSYS Inc\v194\SCADE\SCADE\.\include\C" -I"C:\Program Files\ANSYS Inc\v194\SCADE\SCADE\.\include\Ada" -I"C:\Program Files\ANSYS Inc\v194\SCADE\SCADE\.\lib\Ada" -I"C:\Program Files\ANSYS Inc\v194\SCADE\SCADE\.\libraries\SC65\libmathext" -pedantic -DBUILD_DLL -DEXTENDED_SIM -DSIM -DWIN32 -D_CONSOLE -D_MBCS -c -ansi -std=c99 -m64 "C:\Program Files\ANSYS Inc\v194\SCADE\SCADE\.\lib\C\SmuVTable.c" -o "win64\SmuVTable.o"
gcc -I"." -I"C:\Program Files\ANSYS Inc\v194\SCADE\SCADE\." -I"C:\Program Files\ANSYS Inc\v194\SCADE\SCADE\.\include" -I"C:\Program Files\ANSYS Inc\v194\SCADE\SCADE\.\include\C" -I"C:\Program Files\ANSYS Inc\v194\SCADE\SCADE\.\include\Ada" -I"C:\Program Files\ANSYS Inc\v194\SCADE\SCADE\.\lib\Ada" -I"C:\Program Files\ANSYS Inc\v194\SCADE\SCADE\.\libraries\SC65\libmathext" -pedantic -DBUILD_DLL -DEXTENDED_SIM -DSIM -DWIN32 -D_CONSOLE -D_MBCS -c -ansi -std=c99 -m64 "LandingGear_mapping.c" -o "win64\LandingGear_mapping.o"
gcc -I"." -I"C:\Program Files\ANSYS Inc\v194\SCADE\SCADE\." -I"C:\Program Files\ANSYS Inc\v194\SCADE\SCADE\.\include" -I"C:\Program Files\ANSYS Inc\v194\SCADE\SCADE\.\include\C" -I"C:\Program Files\ANSYS Inc\v194\SCADE\SCADE\.\include\Ada" -I"C:\Program Files\ANSYS Inc\v194\SCADE\SCADE\.\lib\Ada" -I"C:\Program Files\ANSYS Inc\v194\SCADE\SCADE\.\libraries\SC65\libmathext" -pedantic -DBUILD_DLL -DEXTENDED_SIM -DSIM -DWIN32 -D_CONSOLE -D_MBCS -c -ansi -std=c99 -m64 "LandingGear_interface.c" -o "win64\LandingGear_interface.o"
gcc -I"." -I"C:\Program Files\ANSYS Inc\v194\SCADE\SCADE\." -I"C:\Program Files\ANSYS Inc\v194\SCADE\SCADE\.\include" -I"C:\Program Files\ANSYS Inc\v194\SCADE\SCADE\.\include\C" -I"C:\Program Files\ANSYS Inc\v194\SCADE\SCADE\.\include\Ada" -I"C:\Program Files\ANSYS Inc\v194\SCADE\SCADE\.\lib\Ada" -I"C:\Program Files\ANSYS Inc\v194\SCADE\SCADE\.\libraries\SC65\libmathext" -pedantic -DBUILD_DLL -DEXTENDED_SIM -DSIM -DWIN32 -D_CONSOLE -D_MBCS -c -ansi -std=c99 -m64 "C:\Program Files\ANSYS Inc\v194\SCADE\SCADE\lib\C\SmuProxy.c" -o "win64\SmuProxy.o"
copy "C:\Program Files\ANSYS Inc\v194\SCADE\SCADE\lib\C\SmuExport.def" "SmuExport.def"
gcc "win64\LandingGear_dll.o" "win64\SmuMainWindows.o" -lm -lwsock32 -m64 -o "LandingGear.exe" 
        1 arquivo(s) copiado(s).
gcc -mwindows -mwin32 -shared -static-libgcc  "win64\A661Cosim.o" "win64\LandingGear_cosim.o" "win64\LandingGear_UA_1.o" "win64\LandingGear_UA_1_private.o" "win64\LandingGear_UA_1_LAY_1.o" "win64\LandingGear.o" "win64\kcg_types.o" "win64\kcg_consts.o" "win64\LandingGear_type.o" "win64\SmuPredefConv.o" "win64\SmuConfig.o" "win64\SmuTypes.o" "win64\SmuLib.o" "win64\SmuVTable.o" "win64\LandingGear_mapping.o" "win64\LandingGear_interface.o" "win64\SmuProxy.o" -Wl,--output-def,"SmuExport.def" -lm -lwsock32 -m64 -o "LandingGear.dll" 
