$**************  SCADETOC Version R17 (build i15) **************
** Generation date: 2016-08-24T02:15:08
** Command: scade -code "C:\Listex_2\Team2\UserApplication\project2.etp" -root project2 -conf Simulation -build
*************************************************************$
*** Generated Files Information (GENFIL): KCG- Generated files
 ~kcg_trace.xml
  at file C:\Listex_2\Team2\UserApplication\Simulation\kcg_trace.xml, line 0, character 0
 ~kcg_metrics.txt
  at file C:\Listex_2\Team2\UserApplication\Simulation\kcg_metrics.txt, line 0, character 0
 ~project2.c
  at file C:\Listex_2\Team2\UserApplication\Simulation\project2.c, line 0, character 0
 ~project2.h
  at file C:\Listex_2\Team2\UserApplication\Simulation\project2.h, line 0, character 0
 ~kcg_types.h
  at file C:\Listex_2\Team2\UserApplication\Simulation\kcg_types.h, line 0, character 0
 ~kcg_consts.h
  at file C:\Listex_2\Team2\UserApplication\Simulation\kcg_consts.h, line 0, character 0
 ~kcg_sensors.h
  at file C:\Listex_2\Team2\UserApplication\Simulation\kcg_sensors.h, line 0, character 0
 ~kcg_types.c
  at file C:\Listex_2\Team2\UserApplication\Simulation\kcg_types.c, line 0, character 0
 ~kcg_consts.c
  at file C:\Listex_2\Team2\UserApplication\Simulation\kcg_consts.c, line 0, character 0
 ~config.txt
  at file C:\Listex_2\Team2\UserApplication\Simulation\config.txt, line 0, character 0
*** Generated Files Information (GENFIL): Code Generator Generated files
 ~user_macros.h
  at file C:\Listex_2\Team2\UserApplication\Simulation\user_macros.h, line 0, character 0
 ~kcg_imported_types.h
  at file C:\Listex_2\Team2\UserApplication\Simulation\kcg_imported_types.h, line 0, character 0
 ~sc2c.log
  at file C:\Listex_2\Team2\UserApplication\Simulation\sc2c.log, line 0, character 0
 ~sc2c_integration_files.txt
  at file C:\Listex_2\Team2\UserApplication\Simulation\sc2c_integration_files.txt, line 0, character 0
*** Generated Files Information (GENFIL): Simulator Generated files
 ~project2_cosim.c
  at file C:\Listex_2\Team2\UserApplication\Simulation\project2_cosim.c, line 0, character 0
 ~project2_interface.h
  at file C:\Listex_2\Team2\UserApplication\Simulation\project2_interface.h, line 0, character 0
 ~project2_interface.c
  at file C:\Listex_2\Team2\UserApplication\Simulation\project2_interface.c, line 0, character 0
 ~project2_dll.c
  at file C:\Listex_2\Team2\UserApplication\Simulation\project2_dll.c, line 0, character 0
*** Generated Files Information (GENFIL): Type Utils Generated files
 ~project2_type.h
  at file C:\Listex_2\Team2\UserApplication\Simulation\project2_type.h, line 0, character 0
 ~project2_type.c
  at file C:\Listex_2\Team2\UserApplication\Simulation\project2_type.c, line 0, character 0
*** Generated Files Information (GENFIL): Snapshot API Generated files
 ~project2_snapshot.h
  at file C:\Listex_2\Team2\UserApplication\Simulation\project2_snapshot.h, line 0, character 0
 ~project2_snapshot.c
  at file C:\Listex_2\Team2\UserApplication\Simulation\project2_snapshot.c, line 0, character 0
*** Generated Files Information (GENFIL): Mapping Utils Generated files
 ~project2_mapping.h
  at file C:\Listex_2\Team2\UserApplication\Simulation\project2_mapping.h, line 0, character 0
 ~project2_mapping.c
  at file C:\Listex_2\Team2\UserApplication\Simulation\project2_mapping.c, line 0, character 0
*** Generated Files Information (GENFIL): SCADE UA Adaptor Generated files
 ~project2_UA_2.h
  at file C:\Listex_2\Team2\UserApplication\Simulation\project2_UA_2.h, line 0, character 0
 ~project2_UA_2.c
  at file C:\Listex_2\Team2\UserApplication\Simulation\project2_UA_2.c, line 0, character 0
 ~project2_UA_2_constants.h
  at file C:\Listex_2\Team2\UserApplication\Simulation\project2_UA_2_constants.h, line 0, character 0
 ~project2_UA_2_private.h
  at file C:\Listex_2\Team2\UserApplication\Simulation\project2_UA_2_private.h, line 0, character 0
 ~project2_UA_2_private.c
  at file C:\Listex_2\Team2\UserApplication\Simulation\project2_UA_2_private.c, line 0, character 0
 ~project2_UA_2_LAY_1.c
  at file C:\Listex_2\Team2\UserApplication\Simulation\project2_UA_2_LAY_1.c, line 0, character 0
 ~project2_UA_2_uaadaptor.log
  at file C:\Listex_2\Team2\UserApplication\Simulation\project2_UA_2_uaadaptor.log, line 0, character 0
*** Generated Files Information (GENFIL): Build Generated files
 ~Makefile
  at file C:\Listex_2\Team2\UserApplication\Simulation\Makefile, line 0, character 0
 ~project2.dll
  at file C:\Listex_2\Team2\UserApplication\Simulation\project2.dll, line 0, character 0
 ~project2.exe
  at file C:\Listex_2\Team2\UserApplication\Simulation\project2.exe, line 0, character 0
$**************  SCADETOC Version R17 (build i15) **************
** Generation date: 2016-08-24T02:18:37
** sc2c.log
*************************************************************$
