$**************  SCADETOC Version 2019 R2 (build 20190418) **************
** Generation date: 2019-09-29T22:23:05
** Command: scade -code "C:\Repositorio_ITA\SCADE\ExLab2\FuelManagement\FuelManagement.etp" -root Main -conf KCG -build -all
*************************************************************$
*** Generated Files Information (GENFIL): KCG- Generated files
  at file C:\Repositorio_ITA\SCADE\ExLab2\FuelManagement\KCG\mapping.xml, line 0, character 0
 ~mapping.xml
  at file C:\Repositorio_ITA\SCADE\ExLab2\FuelManagement\KCG\kcg_metrics.txt, line 0, character 0
 ~kcg_metrics.txt
  at file C:\Repositorio_ITA\SCADE\ExLab2\FuelManagement\KCG\Main.c, line 0, character 0
 ~Main.c
  at file C:\Repositorio_ITA\SCADE\ExLab2\FuelManagement\KCG\Main.h, line 0, character 0
 ~Main.h
  at file C:\Repositorio_ITA\SCADE\ExLab2\FuelManagement\KCG\kcg_types.h, line 0, character 0
 ~kcg_types.h
  at file C:\Repositorio_ITA\SCADE\ExLab2\FuelManagement\KCG\kcg_consts.h, line 0, character 0
 ~kcg_consts.h
  at file C:\Repositorio_ITA\SCADE\ExLab2\FuelManagement\KCG\kcg_sensors.h, line 0, character 0
 ~kcg_sensors.h
  at file C:\Repositorio_ITA\SCADE\ExLab2\FuelManagement\KCG\kcg_types.c, line 0, character 0
 ~kcg_types.c
  at file C:\Repositorio_ITA\SCADE\ExLab2\FuelManagement\KCG\kcg_consts.c, line 0, character 0
 ~kcg_consts.c
  at file C:\Repositorio_ITA\SCADE\ExLab2\FuelManagement\KCG\config.txt, line 0, character 0
 ~config.txt
*** Generated Files Information (GENFIL): Code Generator Generated files
  at file C:\Repositorio_ITA\SCADE\ExLab2\FuelManagement\KCG\user_macros.h, line 0, character 0
 ~user_macros.h
  at file C:\Repositorio_ITA\SCADE\ExLab2\FuelManagement\KCG\kcg_imported_types.h, line 0, character 0
 ~kcg_imported_types.h
  at file C:\Repositorio_ITA\SCADE\ExLab2\FuelManagement\KCG\sc2c.log, line 0, character 0
 ~sc2c.log
  at file C:\Repositorio_ITA\SCADE\ExLab2\FuelManagement\KCG\sc2c_integration_files.txt, line 0, character 0
 ~sc2c_integration_files.txt
*** Generated Files Information (GENFIL): Type Utils Generated files
  at file C:\Repositorio_ITA\SCADE\ExLab2\FuelManagement\KCG\FuelManagement_type.h, line 0, character 0
 ~FuelManagement_type.h
  at file C:\Repositorio_ITA\SCADE\ExLab2\FuelManagement\KCG\FuelManagement_type.c, line 0, character 0
 ~FuelManagement_type.c
*** Generated Files Information (GENFIL): Mapping Utils Generated files
  at file C:\Repositorio_ITA\SCADE\ExLab2\FuelManagement\KCG\FuelManagement_mapping.h, line 0, character 0
 ~FuelManagement_mapping.h
  at file C:\Repositorio_ITA\SCADE\ExLab2\FuelManagement\KCG\FuelManagement_mapping.c, line 0, character 0
 ~FuelManagement_mapping.c
*** Generated Files Information (GENFIL): Simulator Generated files
  at file C:\Repositorio_ITA\SCADE\ExLab2\FuelManagement\KCG\FuelManagement_interface.h, line 0, character 0
 ~FuelManagement_interface.h
  at file C:\Repositorio_ITA\SCADE\ExLab2\FuelManagement\KCG\FuelManagement_interface.c, line 0, character 0
 ~FuelManagement_interface.c
  at file C:\Repositorio_ITA\SCADE\ExLab2\FuelManagement\KCG\FuelManagement_dll.c, line 0, character 0
 ~FuelManagement_dll.c
*** Generated Files Information (GENFIL): Build Generated files
  at file C:\Repositorio_ITA\SCADE\ExLab2\FuelManagement\KCG\Makefile_win64, line 0, character 0
 ~Makefile_win64
  at file C:\Repositorio_ITA\SCADE\ExLab2\FuelManagement\KCG\Main.dll, line 0, character 0
 ~Main.dll
  at file C:\Repositorio_ITA\SCADE\ExLab2\FuelManagement\KCG\Main.exe, line 0, character 0
 ~Main.exe
$**************  SCADETOC Version 2019 R2 (build 20190418) **************
** Generation date: 2019-09-29T22:23:13
** sc2c.log
*************************************************************$
