$**************  SCADETOC Version R17 (build i15) **************
** Generation date: 2016-08-23T00:14:32
** Command: scade -code "C:\Listex_2\Team1\UserApplication\project1.etp" -root project1 -conf Simulation -build
*************************************************************$
*** Generated Files Information (GENFIL): KCG- Generated files
 ~kcg_trace.xml
  at file C:\Listex_2\Team1\UserApplication\Simulation\kcg_trace.xml, line 0, character 0
 ~kcg_metrics.txt
  at file C:\Listex_2\Team1\UserApplication\Simulation\kcg_metrics.txt, line 0, character 0
 ~project1.c
  at file C:\Listex_2\Team1\UserApplication\Simulation\project1.c, line 0, character 0
 ~project1.h
  at file C:\Listex_2\Team1\UserApplication\Simulation\project1.h, line 0, character 0
 ~kcg_types.h
  at file C:\Listex_2\Team1\UserApplication\Simulation\kcg_types.h, line 0, character 0
 ~kcg_consts.h
  at file C:\Listex_2\Team1\UserApplication\Simulation\kcg_consts.h, line 0, character 0
 ~kcg_sensors.h
  at file C:\Listex_2\Team1\UserApplication\Simulation\kcg_sensors.h, line 0, character 0
 ~kcg_types.c
  at file C:\Listex_2\Team1\UserApplication\Simulation\kcg_types.c, line 0, character 0
 ~kcg_consts.c
  at file C:\Listex_2\Team1\UserApplication\Simulation\kcg_consts.c, line 0, character 0
 ~config.txt
  at file C:\Listex_2\Team1\UserApplication\Simulation\config.txt, line 0, character 0
*** Generated Files Information (GENFIL): Code Generator Generated files
 ~user_macros.h
  at file C:\Listex_2\Team1\UserApplication\Simulation\user_macros.h, line 0, character 0
 ~kcg_imported_types.h
  at file C:\Listex_2\Team1\UserApplication\Simulation\kcg_imported_types.h, line 0, character 0
 ~sc2c.log
  at file C:\Listex_2\Team1\UserApplication\Simulation\sc2c.log, line 0, character 0
 ~sc2c_integration_files.txt
  at file C:\Listex_2\Team1\UserApplication\Simulation\sc2c_integration_files.txt, line 0, character 0
*** Generated Files Information (GENFIL): Simulator Generated files
 ~project1_cosim.c
  at file C:\Listex_2\Team1\UserApplication\Simulation\project1_cosim.c, line 0, character 0
 ~project1_interface.h
  at file C:\Listex_2\Team1\UserApplication\Simulation\project1_interface.h, line 0, character 0
 ~project1_interface.c
  at file C:\Listex_2\Team1\UserApplication\Simulation\project1_interface.c, line 0, character 0
 ~project1_dll.c
  at file C:\Listex_2\Team1\UserApplication\Simulation\project1_dll.c, line 0, character 0
*** Generated Files Information (GENFIL): Type Utils Generated files
 ~project1_type.h
  at file C:\Listex_2\Team1\UserApplication\Simulation\project1_type.h, line 0, character 0
 ~project1_type.c
  at file C:\Listex_2\Team1\UserApplication\Simulation\project1_type.c, line 0, character 0
*** Generated Files Information (GENFIL): Snapshot API Generated files
 ~project1_snapshot.h
  at file C:\Listex_2\Team1\UserApplication\Simulation\project1_snapshot.h, line 0, character 0
 ~project1_snapshot.c
  at file C:\Listex_2\Team1\UserApplication\Simulation\project1_snapshot.c, line 0, character 0
*** Generated Files Information (GENFIL): Mapping Utils Generated files
 ~project1_mapping.h
  at file C:\Listex_2\Team1\UserApplication\Simulation\project1_mapping.h, line 0, character 0
 ~project1_mapping.c
  at file C:\Listex_2\Team1\UserApplication\Simulation\project1_mapping.c, line 0, character 0
*** Generated Files Information (GENFIL): SCADE UA Adaptor Generated files
 ~project1_UA_1.h
  at file C:\Listex_2\Team1\UserApplication\Simulation\project1_UA_1.h, line 0, character 0
 ~project1_UA_1.c
  at file C:\Listex_2\Team1\UserApplication\Simulation\project1_UA_1.c, line 0, character 0
 ~project1_UA_1_constants.h
  at file C:\Listex_2\Team1\UserApplication\Simulation\project1_UA_1_constants.h, line 0, character 0
 ~project1_UA_1_private.h
  at file C:\Listex_2\Team1\UserApplication\Simulation\project1_UA_1_private.h, line 0, character 0
 ~project1_UA_1_private.c
  at file C:\Listex_2\Team1\UserApplication\Simulation\project1_UA_1_private.c, line 0, character 0
 ~project1_UA_1_LAY_1.c
  at file C:\Listex_2\Team1\UserApplication\Simulation\project1_UA_1_LAY_1.c, line 0, character 0
 ~project1_UA_1_uaadaptor.log
  at file C:\Listex_2\Team1\UserApplication\Simulation\project1_UA_1_uaadaptor.log, line 0, character 0
*** Generated Files Information (GENFIL): Build Generated files
 ~Makefile
  at file C:\Listex_2\Team1\UserApplication\Simulation\Makefile, line 0, character 0
 ~project1.dll
  at file C:\Listex_2\Team1\UserApplication\Simulation\project1.dll, line 0, character 0
 ~project1.exe
  at file C:\Listex_2\Team1\UserApplication\Simulation\project1.exe, line 0, character 0
$**************  SCADETOC Version R17 (build i15) **************
** Generation date: 2016-08-23T00:18:10
** sc2c.log
*************************************************************$
